INFO db.api.Application - Starting Application on client with PID 13866 (/home/spiderdt/work/git/spiderdt-team/common-service/db-api/build/classes/main started by spiderdt in /home/spiderdt/work/git/spiderdt-team/common-service/db-api)
INFO db.api.Application - The following profiles are active: development
INFO org.springframework.boot.context.embedded.AnnotationConfigEmbeddedWebApplicationContext - Refreshing org.springframework.boot.context.embedded.AnnotationConfigEmbeddedWebApplicationContext@3f2ef586: startup date [Wed Jan 04 17:42:54 CST 2017]; root of context hierarchy
INFO org.hibernate.validator.internal.util.Version - HV000001: Hibernate Validator 5.2.4.Final
INFO grails.plugins.DefaultGrailsPluginManager - Attempting to load [0] user defined plugins
INFO grails.plugins.DefaultGrailsPluginManager - Grails plug-in [core] with version [3.2.1] loaded successfully
INFO grails.plugins.DefaultGrailsPluginManager - Grails plug-in [dataSource] with version [3.2.1] loaded successfully
INFO grails.plugins.DefaultGrailsPluginManager - Grails plug-in [dataBinding] with version [3.2.1] loaded successfully
INFO grails.plugins.DefaultGrailsPluginManager - Grails plug-in [restResponder] with version [3.2.1] loaded successfully
INFO grails.plugins.DefaultGrailsPluginManager - Grails plug-in [eventBus] with version [3.2.1] loaded successfully
INFO grails.plugins.DefaultGrailsPluginManager - Grails plug-in [i18n] with version [3.2.1] loaded successfully
INFO grails.plugins.DefaultGrailsPluginManager - Grails plug-in [jsonView] with version [1.1.1] loaded successfully
INFO grails.plugins.DefaultGrailsPluginManager - Grails plug-in [codecs] with version [3.2.1] loaded successfully
INFO grails.plugins.DefaultGrailsPluginManager - Grails plug-in [urlMappings] with version [3.2.1] loaded successfully
INFO grails.plugins.DefaultGrailsPluginManager - Grails plug-in [controllers] with version [3.2.1] loaded successfully
INFO grails.plugins.DefaultGrailsPluginManager - Grails plug-in [domainClass] with version [3.2.1] loaded successfully
INFO grails.plugins.DefaultGrailsPluginManager - Grails plug-in [hibernate] with version [6.0.2] loaded successfully
INFO grails.plugins.DefaultGrailsPluginManager - Grails plug-in [services] with version [3.2.1] loaded successfully
INFO grails.plugins.DefaultGrailsPluginManager - Grails plug-in [converters] with version [3.2.1] loaded successfully
INFO grails.plugins.DefaultGrailsPluginManager - Grails plug-in [controllersAsync] with version [3.2.1] loaded successfully
INFO grails.plugins.DefaultGrailsPluginManager - Grails plug-in [mimeTypes] with version [3.2.1] loaded successfully
INFO grails.plugins.DefaultGrailsPluginManager - Grails plug-in [interceptors] with version [3.2.1] loaded successfully
INFO grails.plugins.DefaultGrailsPluginManager - Grails plug-in [cache] with version [3.0.3] loaded successfully
INFO org.grails.plugins.datasource.DataSourceGrailsPlugin - [RuntimeConfiguration] Configuring data source for environment: DEVELOPMENT
INFO org.springframework.beans.factory.support.DefaultListableBeanFactory - Overriding bean definition for bean 'org.springframework.aop.config.internalAutoProxyCreator' with a different definition: replacing [Root bean: class [org.springframework.aop.aspectj.annotation.AnnotationAwareAspectJAutoProxyCreator]; scope=; abstract=false; lazyInit=false; autowireMode=0; dependencyCheck=0; autowireCandidate=true; primary=false; factoryBeanName=null; factoryMethodName=null; initMethodName=null; destroyMethodName=null] with [Root bean: class [org.springframework.aop.framework.autoproxy.InfrastructureAdvisorAutoProxyCreator]; scope=; abstract=false; lazyInit=false; autowireMode=0; dependencyCheck=0; autowireCandidate=true; primary=false; factoryBeanName=null; factoryMethodName=null; initMethodName=null; destroyMethodName=null]
INFO org.springframework.beans.factory.support.DefaultListableBeanFactory - Overriding bean definition for bean 'characterEncodingFilter' with a different definition: replacing [Root bean: class [null]; scope=; abstract=false; lazyInit=false; autowireMode=3; dependencyCheck=0; autowireCandidate=true; primary=false; factoryBeanName=org.springframework.boot.autoconfigure.web.HttpEncodingAutoConfiguration; factoryMethodName=characterEncodingFilter; initMethodName=null; destroyMethodName=(inferred); defined in class path resource [org/springframework/boot/autoconfigure/web/HttpEncodingAutoConfiguration.class]] with [Generic bean: class [org.springframework.boot.context.embedded.FilterRegistrationBean]; scope=singleton; abstract=false; lazyInit=false; autowireMode=0; dependencyCheck=0; autowireCandidate=true; primary=false; factoryBeanName=null; factoryMethodName=null; initMethodName=null; destroyMethodName=null]
INFO org.springframework.beans.factory.support.DefaultListableBeanFactory - Overriding bean definition for bean 'propertySourcesPlaceholderConfigurer' with a different definition: replacing [Root bean: class [org.springframework.boot.autoconfigure.PropertyPlaceholderAutoConfiguration]; scope=; abstract=false; lazyInit=false; autowireMode=3; dependencyCheck=0; autowireCandidate=true; primary=false; factoryBeanName=null; factoryMethodName=propertySourcesPlaceholderConfigurer; initMethodName=null; destroyMethodName=(inferred); defined in class path resource [org/springframework/boot/autoconfigure/PropertyPlaceholderAutoConfiguration.class]] with [Generic bean: class [org.grails.spring.context.support.GrailsPlaceholderConfigurer]; scope=singleton; abstract=false; lazyInit=false; autowireMode=0; dependencyCheck=0; autowireCandidate=true; primary=false; factoryBeanName=null; factoryMethodName=null; initMethodName=null; destroyMethodName=null]
INFO org.springframework.beans.factory.support.DefaultListableBeanFactory - Overriding bean definition for bean 'grailsApplicationPostProcessor' with a different definition: replacing [Root bean: class [null]; scope=; abstract=false; lazyInit=false; autowireMode=3; dependencyCheck=0; autowireCandidate=true; primary=false; factoryBeanName=application; factoryMethodName=grailsApplicationPostProcessor; initMethodName=null; destroyMethodName=(inferred); defined in db.api.Application] with [Generic bean: class [org.grails.spring.beans.GrailsApplicationAwareBeanPostProcessor]; scope=singleton; abstract=false; lazyInit=false; autowireMode=0; dependencyCheck=0; autowireCandidate=true; primary=false; factoryBeanName=null; factoryMethodName=null; initMethodName=null; destroyMethodName=null]
INFO org.springframework.beans.factory.support.DefaultListableBeanFactory - Overriding bean definition for bean 'dispatcherServlet' with a different definition: replacing [Root bean: class [null]; scope=; abstract=false; lazyInit=false; autowireMode=3; dependencyCheck=0; autowireCandidate=true; primary=false; factoryBeanName=org.springframework.boot.autoconfigure.web.DispatcherServletAutoConfiguration$DispatcherServletConfiguration; factoryMethodName=dispatcherServlet; initMethodName=null; destroyMethodName=(inferred); defined in class path resource [org/springframework/boot/autoconfigure/web/DispatcherServletAutoConfiguration$DispatcherServletConfiguration.class]] with [Generic bean: class [org.grails.web.servlet.mvc.GrailsDispatcherServlet]; scope=singleton; abstract=false; lazyInit=false; autowireMode=0; dependencyCheck=0; autowireCandidate=true; primary=false; factoryBeanName=null; factoryMethodName=null; initMethodName=null; destroyMethodName=null]
INFO org.springframework.beans.factory.support.DefaultListableBeanFactory - Overriding bean definition for bean 'multipartConfigElement' with a different definition: replacing [Root bean: class [null]; scope=; abstract=false; lazyInit=false; autowireMode=3; dependencyCheck=0; autowireCandidate=true; primary=false; factoryBeanName=org.springframework.boot.autoconfigure.web.MultipartAutoConfiguration; factoryMethodName=multipartConfigElement; initMethodName=null; destroyMethodName=(inferred); defined in class path resource [org/springframework/boot/autoconfigure/web/MultipartAutoConfiguration.class]] with [Generic bean: class [javax.servlet.MultipartConfigElement]; scope=singleton; abstract=false; lazyInit=false; autowireMode=0; dependencyCheck=0; autowireCandidate=true; primary=false; factoryBeanName=null; factoryMethodName=null; initMethodName=null; destroyMethodName=null]
INFO org.springframework.beans.factory.support.DefaultListableBeanFactory - Overriding bean definition for bean 'multipartResolver' with a different definition: replacing [Root bean: class [null]; scope=; abstract=false; lazyInit=false; autowireMode=3; dependencyCheck=0; autowireCandidate=true; primary=false; factoryBeanName=org.springframework.boot.autoconfigure.web.MultipartAutoConfiguration; factoryMethodName=multipartResolver; initMethodName=null; destroyMethodName=(inferred); defined in class path resource [org/springframework/boot/autoconfigure/web/MultipartAutoConfiguration.class]] with [Generic bean: class [org.springframework.web.multipart.support.StandardServletMultipartResolver]; scope=singleton; abstract=false; lazyInit=false; autowireMode=0; dependencyCheck=0; autowireCandidate=true; primary=false; factoryBeanName=null; factoryMethodName=null; initMethodName=null; destroyMethodName=null]
INFO org.springframework.beans.factory.support.DefaultListableBeanFactory - Overriding bean definition for bean 'org.springframework.aop.config.internalAutoProxyCreator' with a different definition: replacing [Root bean: class [org.springframework.aop.framework.autoproxy.InfrastructureAdvisorAutoProxyCreator]; scope=; abstract=false; lazyInit=false; autowireMode=0; dependencyCheck=0; autowireCandidate=true; primary=false; factoryBeanName=null; factoryMethodName=null; initMethodName=null; destroyMethodName=null] with [Generic bean: class [org.grails.spring.aop.autoproxy.GroovyAwareAspectJAwareAdvisorAutoProxyCreator]; scope=singleton; abstract=false; lazyInit=false; autowireMode=0; dependencyCheck=0; autowireCandidate=true; primary=false; factoryBeanName=null; factoryMethodName=null; initMethodName=null; destroyMethodName=null]
INFO org.springframework.beans.factory.support.DefaultListableBeanFactory - Overriding bean definition for bean 'dispatcherServletRegistration' with a different definition: replacing [Root bean: class [null]; scope=; abstract=false; lazyInit=false; autowireMode=3; dependencyCheck=0; autowireCandidate=true; primary=false; factoryBeanName=org.springframework.boot.autoconfigure.web.DispatcherServletAutoConfiguration$DispatcherServletRegistrationConfiguration; factoryMethodName=dispatcherServletRegistration; initMethodName=null; destroyMethodName=(inferred); defined in class path resource [org/springframework/boot/autoconfigure/web/DispatcherServletAutoConfiguration$DispatcherServletRegistrationConfiguration.class]] with [Generic bean: class [org.springframework.boot.context.embedded.ServletRegistrationBean]; scope=singleton; abstract=false; lazyInit=false; autowireMode=0; dependencyCheck=0; autowireCandidate=true; primary=false; factoryBeanName=null; factoryMethodName=null; initMethodName=null; destroyMethodName=null]
INFO grails.plugin.cache.CacheBeanPostProcessor - postProcessBeanDefinitionRegistry start
INFO grails.plugin.cache.CacheBeanPostProcessor - postProcessBeanFactory
INFO org.springframework.context.support.PostProcessorRegistrationDelegate$BeanPostProcessorChecker - Bean 'grailsConfigProperties' of type [class grails.config.ConfigProperties] is not eligible for getting processed by all BeanPostProcessors (for example: not eligible for auto-proxying)
INFO org.springframework.context.support.PostProcessorRegistrationDelegate$BeanPostProcessorChecker - Bean 'reactorConfigurationReader' of type [class org.grails.events.reactor.GrailsReactorConfigurationReader] is not eligible for getting processed by all BeanPostProcessors (for example: not eligible for auto-proxying)
INFO org.springframework.context.support.PostProcessorRegistrationDelegate$BeanPostProcessorChecker - Bean 'reactorEnv' of type [class reactor.Environment] is not eligible for getting processed by all BeanPostProcessors (for example: not eligible for auto-proxying)
INFO org.springframework.context.support.PostProcessorRegistrationDelegate$BeanPostProcessorChecker - Bean 'eventBus' of type [class org.springframework.beans.factory.config.MethodInvokingFactoryBean] is not eligible for getting processed by all BeanPostProcessors (for example: not eligible for auto-proxying)
INFO org.springframework.context.support.PostProcessorRegistrationDelegate$BeanPostProcessorChecker - Bean 'db.api.DatasetDomainClass' of type [class org.springframework.beans.factory.config.MethodInvokingFactoryBean] is not eligible for getting processed by all BeanPostProcessors (for example: not eligible for auto-proxying)
INFO org.springframework.context.support.PostProcessorRegistrationDelegate$BeanPostProcessorChecker - Bean 'db.api.DatasetDomainClass' of type [class org.grails.core.DefaultGrailsDomainClass] is not eligible for getting processed by all BeanPostProcessors (for example: not eligible for auto-proxying)
INFO org.springframework.context.support.PostProcessorRegistrationDelegate$BeanPostProcessorChecker - Bean 'db.api.DatasetPersistentClass' of type [class org.springframework.beans.factory.config.MethodInvokingFactoryBean] is not eligible for getting processed by all BeanPostProcessors (for example: not eligible for auto-proxying)
INFO org.springframework.context.support.PostProcessorRegistrationDelegate$BeanPostProcessorChecker - Bean 'db.api.QueryDomainClass' of type [class org.springframework.beans.factory.config.MethodInvokingFactoryBean] is not eligible for getting processed by all BeanPostProcessors (for example: not eligible for auto-proxying)
INFO org.springframework.context.support.PostProcessorRegistrationDelegate$BeanPostProcessorChecker - Bean 'db.api.QueryDomainClass' of type [class org.grails.core.DefaultGrailsDomainClass] is not eligible for getting processed by all BeanPostProcessors (for example: not eligible for auto-proxying)
INFO org.springframework.context.support.PostProcessorRegistrationDelegate$BeanPostProcessorChecker - Bean 'db.api.QueryPersistentClass' of type [class org.springframework.beans.factory.config.MethodInvokingFactoryBean] is not eligible for getting processed by all BeanPostProcessors (for example: not eligible for auto-proxying)
INFO org.springframework.context.support.PostProcessorRegistrationDelegate$BeanPostProcessorChecker - Bean 'grails.plugin.cache.GrailsCacheAdminServiceServiceClass' of type [class org.springframework.beans.factory.config.MethodInvokingFactoryBean] is not eligible for getting processed by all BeanPostProcessors (for example: not eligible for auto-proxying)
INFO org.springframework.context.support.PostProcessorRegistrationDelegate$BeanPostProcessorChecker - Bean 'db.api.ColumnDomainClass' of type [class org.springframework.beans.factory.config.MethodInvokingFactoryBean] is not eligible for getting processed by all BeanPostProcessors (for example: not eligible for auto-proxying)
INFO org.springframework.context.support.PostProcessorRegistrationDelegate$BeanPostProcessorChecker - Bean 'classLoader' of type [class org.springframework.beans.factory.config.MethodInvokingFactoryBean] is not eligible for getting processed by all BeanPostProcessors (for example: not eligible for auto-proxying)
INFO org.springframework.context.support.PostProcessorRegistrationDelegate$BeanPostProcessorChecker - Bean 'db.api.DataDomainClass' of type [class org.springframework.beans.factory.config.MethodInvokingFactoryBean] is not eligible for getting processed by all BeanPostProcessors (for example: not eligible for auto-proxying)
INFO org.springframework.context.support.PostProcessorRegistrationDelegate$BeanPostProcessorChecker - Bean 'db.api.ConnectorDomainClass' of type [class org.springframework.beans.factory.config.MethodInvokingFactoryBean] is not eligible for getting processed by all BeanPostProcessors (for example: not eligible for auto-proxying)
INFO org.springframework.context.support.PostProcessorRegistrationDelegate$BeanPostProcessorChecker - Bean 'db.api.DataDomainClass' of type [class org.grails.core.DefaultGrailsDomainClass] is not eligible for getting processed by all BeanPostProcessors (for example: not eligible for auto-proxying)
INFO org.springframework.context.support.PostProcessorRegistrationDelegate$BeanPostProcessorChecker - Bean 'db.api.DataPersistentClass' of type [class org.springframework.beans.factory.config.MethodInvokingFactoryBean] is not eligible for getting processed by all BeanPostProcessors (for example: not eligible for auto-proxying)
INFO org.springframework.context.support.PostProcessorRegistrationDelegate$BeanPostProcessorChecker - Bean 'db.api.TableDomainClass' of type [class org.springframework.beans.factory.config.MethodInvokingFactoryBean] is not eligible for getting processed by all BeanPostProcessors (for example: not eligible for auto-proxying)
INFO org.springframework.context.support.PostProcessorRegistrationDelegate$BeanPostProcessorChecker - Bean 'db.api.TableDomainClass' of type [class org.grails.core.DefaultGrailsDomainClass] is not eligible for getting processed by all BeanPostProcessors (for example: not eligible for auto-proxying)
INFO org.springframework.context.support.PostProcessorRegistrationDelegate$BeanPostProcessorChecker - Bean 'db.api.TablePersistentClass' of type [class org.springframework.beans.factory.config.MethodInvokingFactoryBean] is not eligible for getting processed by all BeanPostProcessors (for example: not eligible for auto-proxying)
INFO org.springframework.context.support.PostProcessorRegistrationDelegate$BeanPostProcessorChecker - Bean 'db.api.DbServiceServiceClass' of type [class org.springframework.beans.factory.config.MethodInvokingFactoryBean] is not eligible for getting processed by all BeanPostProcessors (for example: not eligible for auto-proxying)
INFO org.springframework.context.support.PostProcessorRegistrationDelegate$BeanPostProcessorChecker - Bean 'db.api.ConnectorDomainClass' of type [class org.grails.core.DefaultGrailsDomainClass] is not eligible for getting processed by all BeanPostProcessors (for example: not eligible for auto-proxying)
INFO org.springframework.context.support.PostProcessorRegistrationDelegate$BeanPostProcessorChecker - Bean 'db.api.ConnectorPersistentClass' of type [class org.springframework.beans.factory.config.MethodInvokingFactoryBean] is not eligible for getting processed by all BeanPostProcessors (for example: not eligible for auto-proxying)
INFO org.springframework.context.support.PostProcessorRegistrationDelegate$BeanPostProcessorChecker - Bean 'db.api.ColumnDomainClass' of type [class org.grails.core.DefaultGrailsDomainClass] is not eligible for getting processed by all BeanPostProcessors (for example: not eligible for auto-proxying)
INFO org.springframework.context.support.PostProcessorRegistrationDelegate$BeanPostProcessorChecker - Bean 'db.api.ColumnPersistentClass' of type [class org.springframework.beans.factory.config.MethodInvokingFactoryBean] is not eligible for getting processed by all BeanPostProcessors (for example: not eligible for auto-proxying)
INFO org.springframework.context.support.PostProcessorRegistrationDelegate$BeanPostProcessorChecker - Bean 'grailsUrlConverter' of type [class grails.web.CamelCaseUrlConverter] is not eligible for getting processed by all BeanPostProcessors (for example: not eligible for auto-proxying)
INFO org.springframework.context.support.PostProcessorRegistrationDelegate$BeanPostProcessorChecker - Bean '(inner bean)#7ecda95b' of type [class org.grails.web.mapping.UrlMappingsHolderFactoryBean] is not eligible for getting processed by all BeanPostProcessors (for example: not eligible for auto-proxying)
INFO org.springframework.context.support.PostProcessorRegistrationDelegate$BeanPostProcessorChecker - Bean '(inner bean)#7ecda95b' of type [class org.grails.web.mapping.mvc.GrailsControllerUrlMappings] is not eligible for getting processed by all BeanPostProcessors (for example: not eligible for auto-proxying)
INFO org.springframework.context.support.PostProcessorRegistrationDelegate$BeanPostProcessorChecker - Bean 'urlMappingsTargetSource' of type [class org.grails.spring.beans.factory.HotSwappableTargetSourceFactoryBean] is not eligible for getting processed by all BeanPostProcessors (for example: not eligible for auto-proxying)
INFO org.springframework.context.support.PostProcessorRegistrationDelegate$BeanPostProcessorChecker - Bean 'urlMappingsTargetSource' of type [class org.springframework.aop.target.HotSwappableTargetSource] is not eligible for getting processed by all BeanPostProcessors (for example: not eligible for auto-proxying)
INFO org.springframework.context.support.PostProcessorRegistrationDelegate$BeanPostProcessorChecker - Bean 'grailsUrlMappingsHolder' of type [class org.springframework.aop.framework.ProxyFactoryBean] is not eligible for getting processed by all BeanPostProcessors (for example: not eligible for auto-proxying)
INFO org.springframework.context.support.PostProcessorRegistrationDelegate$BeanPostProcessorChecker - Bean 'org.springframework.transaction.annotation.ProxyTransactionManagementConfiguration' of type [class org.springframework.transaction.annotation.ProxyTransactionManagementConfiguration$$EnhancerBySpringCGLIB$$ed4576a6] is not eligible for getting processed by all BeanPostProcessors (for example: not eligible for auto-proxying)
INFO org.springframework.boot.context.embedded.tomcat.TomcatEmbeddedServletContainer - Tomcat initialized with port(s): 2222 (http)
INFO org.apache.catalina.core.StandardService - Starting service Tomcat
INFO org.apache.catalina.core.StandardEngine - Starting Servlet Engine: Apache Tomcat/7.0.59
INFO org.apache.catalina.core.ContainerBase.[Tomcat].[localhost].[/] - Initializing Spring embedded WebApplicationContext
INFO org.springframework.web.context.ContextLoader - Root WebApplicationContext: initialization completed in 2973 ms
INFO org.hibernate.Version - HHH000412: Hibernate Core {5.1.1.Final}
INFO org.hibernate.cfg.Environment - HHH000206: hibernate.properties not found
INFO org.hibernate.cfg.Environment - HHH000021: Bytecode provider name : javassist
INFO org.hibernate.annotations.common.Version - HCANN000001: Hibernate Commons Annotations {5.0.1.Final}
INFO org.hibernate.dialect.Dialect - HHH000400: Using dialect: org.hibernate.dialect.H2Dialect
WARN net.sf.ehcache.config.ConfigurationFactory - No configuration found. Configuring ehcache from ehcache-failsafe.xml  found in the classpath: jar:file:/home/spiderdt/.gradle/caches/modules-2/files-2.1/net.sf.ehcache/ehcache/2.10.2.2.21/a9b07e3bfb0c9f5f00b633a0c2d67cdf1dd55854/ehcache-2.10.2.2.21.jar!/ehcache-failsafe.xml
INFO org.springframework.beans.factory.xml.XmlBeanDefinitionReader - Loading XML bean definitions from class path resource [org/springframework/jdbc/support/sql-error-codes.xml]
INFO org.springframework.jdbc.support.SQLErrorCodesFactory - SQLErrorCodes loaded: [DB2, Derby, H2, HSQL, Informix, MS-SQL, MySQL, Oracle, PostgreSQL, Sybase, Hana]
INFO org.springframework.boot.web.servlet.FilterRegistrationBean - Mapping filter: 'metricsFilter' to: [/*]
INFO org.springframework.boot.context.embedded.FilterRegistrationBean - Mapping filter: 'characterEncodingFilter' to urls: [/*]
INFO org.springframework.boot.context.embedded.FilterRegistrationBean - Mapping filter: 'hiddenHttpMethodFilter' to urls: [/*]
INFO org.springframework.boot.context.embedded.FilterRegistrationBean - Mapping filter: 'grailsWebRequestFilter' to urls: [/*]
INFO org.springframework.boot.web.servlet.FilterRegistrationBean - Mapping filter: 'webRequestLoggingFilter' to: [/*]
INFO org.springframework.boot.context.embedded.FilterRegistrationBean - Mapping filter: 'memoryPageFragmentCachingFilter' to urls: [*]
INFO org.springframework.boot.web.servlet.FilterRegistrationBean - Mapping filter: 'applicationContextIdFilter' to: [/*]
INFO org.springframework.boot.web.servlet.ServletRegistrationBean - Mapping servlet: 'grailsDispatcherServlet' to [/]
INFO org.springframework.boot.web.servlet.ServletRegistrationBean - Mapping servlet: 'webServlet' to [/dbconsole/*]
INFO org.springframework.web.servlet.mvc.method.annotation.RequestMappingHandlerMapping - Mapped "{[/error],produces=[text/html]}" onto public org.springframework.web.servlet.ModelAndView org.springframework.boot.autoconfigure.web.BasicErrorController.errorHtml(javax.servlet.http.HttpServletRequest,javax.servlet.http.HttpServletResponse)
INFO org.springframework.web.servlet.mvc.method.annotation.RequestMappingHandlerMapping - Mapped "{[/error]}" onto public org.springframework.http.ResponseEntity<java.util.Map<java.lang.String, java.lang.Object>> org.springframework.boot.autoconfigure.web.BasicErrorController.error(javax.servlet.http.HttpServletRequest)
INFO org.springframework.web.servlet.handler.SimpleUrlHandlerMapping - Mapped URL path [/webjars/**] onto handler of type [class org.springframework.web.servlet.resource.ResourceHttpRequestHandler]
INFO org.springframework.web.servlet.handler.SimpleUrlHandlerMapping - Mapped URL path [/static/**] onto handler of type [class org.springframework.web.servlet.resource.ResourceHttpRequestHandler]
INFO org.springframework.web.servlet.mvc.method.annotation.RequestMappingHandlerAdapter - Looking for @ControllerAdvice: org.springframework.boot.context.embedded.AnnotationConfigEmbeddedWebApplicationContext@3f2ef586: startup date [Wed Jan 04 17:42:54 CST 2017]; root of context hierarchy
INFO org.springframework.boot.actuate.endpoint.mvc.EndpointHandlerMapping - Mapped "{[/shutdown || /shutdown.json],methods=[POST]}" onto public java.lang.Object org.springframework.boot.actuate.endpoint.mvc.ShutdownMvcEndpoint.invoke()
INFO org.springframework.web.servlet.mvc.method.annotation.RequestMappingHandlerMapping - Mapped "{[/error],produces=[text/html]}" onto public org.springframework.web.servlet.ModelAndView org.springframework.boot.autoconfigure.web.BasicErrorController.errorHtml(javax.servlet.http.HttpServletRequest,javax.servlet.http.HttpServletResponse)
INFO org.springframework.web.servlet.mvc.method.annotation.RequestMappingHandlerMapping - Mapped "{[/error]}" onto public org.springframework.http.ResponseEntity<java.util.Map<java.lang.String, java.lang.Object>> org.springframework.boot.autoconfigure.web.BasicErrorController.error(javax.servlet.http.HttpServletRequest)
INFO org.springframework.web.servlet.mvc.method.annotation.RequestMappingHandlerAdapter - Looking for @ControllerAdvice: org.springframework.boot.context.embedded.AnnotationConfigEmbeddedWebApplicationContext@3f2ef586: startup date [Wed Jan 04 17:42:54 CST 2017]; root of context hierarchy
INFO org.springframework.jmx.export.annotation.AnnotationMBeanExporter - Registering beans for JMX exposure on startup
INFO org.springframework.boot.actuate.endpoint.jmx.EndpointMBeanExporter - Registering beans for JMX exposure on startup
INFO org.grails.plugins.datasource.TomcatJDBCPoolMBeanExporter - Registering beans for JMX exposure on startup
INFO org.springframework.context.support.DefaultLifecycleProcessor - Starting beans in phase -2147483648
INFO org.springframework.context.support.DefaultLifecycleProcessor - Starting beans in phase 0
INFO org.springframework.boot.actuate.endpoint.jmx.EndpointMBeanExporter - Located managed bean 'shutdownEndpoint': registering with JMX server as MBean [org.springframework.boot:type=Endpoint,name=shutdownEndpoint]
INFO org.apache.coyote.http11.Http11NioProtocol - Initializing ProtocolHandler ["http-nio-2222"]
INFO org.apache.coyote.http11.Http11NioProtocol - Starting ProtocolHandler ["http-nio-2222"]
INFO org.apache.tomcat.util.net.NioSelectorPool - Using a shared selector for servlet write/read
INFO org.apache.catalina.core.ContainerBase.[Tomcat].[localhost].[/] - Initializing Spring FrameworkServlet 'grailsDispatcherServlet'
INFO org.grails.web.servlet.mvc.GrailsDispatcherServlet - FrameworkServlet 'grailsDispatcherServlet': initialization started
INFO org.grails.web.servlet.mvc.GrailsDispatcherServlet - FrameworkServlet 'grailsDispatcherServlet': initialization completed in 8 ms
INFO org.springframework.boot.context.embedded.tomcat.TomcatEmbeddedServletContainer - Tomcat started on port(s): 2222 (http)
INFO db.api.Application - Started Application in 7.822 seconds (JVM running for 8.901)
INFO grails.boot.GrailsApp - Application starting in environment: development
INFO grails.app.services.db.api.DbService - sql:select age,count(0)  from model.d_bolome_client where user_id in(select user_id  from (    select user_id, row_number() over (order by score desc) rn from agg.fulltest_20160601_20160630_predictclient) tmp where rn <= 50000)  group by age order by age
INFO grails.app.services.db.api.DbService - result:[id:20170104_094615_00053_hx9rg, infoUri:http://192.168.1.3:1113/query.html?20170104_094615_00053_hx9rg, nextUri:http://192.168.1.3:1113/v1/statement/20170104_094615_00053_hx9rg/1, stats:[completedSplits:0, cpuTimeMillis:0, nodes:0, processedBytes:0, processedRows:0, queued:true, queuedSplits:0, runningSplits:0, scheduled:false, state:QUEUED, totalSplits:0, userTimeMillis:0, wallTimeMillis:0]]
INFO grails.app.services.db.api.DbService - next_url data: http://192.168.1.3:1113/v1/statement/20170104_094615_00053_hx9rg/2
INFO grails.app.services.db.api.DbService - next_url data: http://192.168.1.3:1113/v1/statement/20170104_094615_00053_hx9rg/3
INFO grails.app.services.db.api.DbService - next_url data: http://192.168.1.3:1113/v1/statement/20170104_094615_00053_hx9rg/4
INFO grails.app.services.db.api.DbService - header:[age, _col1]
INFO grails.app.services.db.api.DbService - data:[]
INFO grails.app.controllers.db.api.QueryController - query:[header:[age, _col1], data:[]]
INFO grails.app.services.db.api.DbService - sql:select age,count(0)  from model.d_bolome_client where user_id in(select user_id  from (    select user_id, row_number() over (order by score desc) rn from agg.fulltest_20160601_20160630_predictclient) tmp where rn <= 50000)  group by age order by age
INFO grails.app.services.db.api.DbService - result:[id:20170104_094616_00054_hx9rg, infoUri:http://192.168.1.3:1113/query.html?20170104_094616_00054_hx9rg, nextUri:http://192.168.1.3:1113/v1/statement/20170104_094616_00054_hx9rg/1, stats:[completedSplits:0, cpuTimeMillis:0, nodes:0, processedBytes:0, processedRows:0, queued:true, queuedSplits:0, runningSplits:0, scheduled:false, state:QUEUED, totalSplits:0, userTimeMillis:0, wallTimeMillis:0]]
INFO grails.app.services.db.api.DbService - next_url data: http://192.168.1.3:1113/v1/statement/20170104_094616_00054_hx9rg/2
INFO grails.app.services.db.api.DbService - next_url data: http://192.168.1.3:1113/v1/statement/20170104_094616_00054_hx9rg/3
INFO grails.app.services.db.api.DbService - next_url data: http://192.168.1.3:1113/v1/statement/20170104_094616_00054_hx9rg/4
INFO grails.app.services.db.api.DbService - next_url data: http://192.168.1.3:1113/v1/statement/20170104_094616_00054_hx9rg/5
INFO grails.app.services.db.api.DbService - next_url data: http://192.168.1.3:1113/v1/statement/20170104_094616_00054_hx9rg/6
INFO grails.app.services.db.api.DbService - header:[age, _col1]
INFO grails.app.services.db.api.DbService - data:[]
INFO org.springframework.beans.factory.support.DefaultListableBeanFactory - Overriding bean definition for bean 'dbService' with a different definition: replacing [Generic bean: class [db.api.DbService]; scope=singleton; abstract=false; lazyInit=true; autowireMode=1; dependencyCheck=0; autowireCandidate=true; primary=false; factoryBeanName=null; factoryMethodName=null; initMethodName=null; destroyMethodName=null] with [Generic bean: class [db.api.DbService]; scope=singleton; abstract=false; lazyInit=false; autowireMode=1; dependencyCheck=0; autowireCandidate=true; primary=false; factoryBeanName=null; factoryMethodName=null; initMethodName=null; destroyMethodName=null]
INFO org.springframework.boot.context.embedded.AnnotationConfigEmbeddedWebApplicationContext - Closing org.springframework.boot.context.embedded.AnnotationConfigEmbeddedWebApplicationContext@3f2ef586: startup date [Wed Jan 04 17:42:54 CST 2017]; root of context hierarchy
INFO org.springframework.context.support.DefaultLifecycleProcessor - Stopping beans in phase 0
INFO org.springframework.context.support.DefaultLifecycleProcessor - Stopping beans in phase -2147483648
INFO org.grails.plugins.datasource.TomcatJDBCPoolMBeanExporter - Unregistering JMX-exposed beans on shutdown
INFO org.grails.plugins.datasource.TomcatJDBCPoolMBeanExporter - Unregistering JMX-exposed beans
INFO org.springframework.boot.actuate.endpoint.jmx.EndpointMBeanExporter - Unregistering JMX-exposed beans on shutdown
INFO org.springframework.boot.actuate.endpoint.jmx.EndpointMBeanExporter - Unregistering JMX-exposed beans
INFO org.springframework.jmx.export.annotation.AnnotationMBeanExporter - Unregistering JMX-exposed beans on shutdown
INFO org.apache.coyote.http11.Http11NioProtocol - Pausing ProtocolHandler ["http-nio-2222"]
INFO org.apache.catalina.core.StandardService - Stopping service Tomcat
INFO org.apache.catalina.core.ContainerBase.[Tomcat].[localhost].[/] - Destroying Spring FrameworkServlet 'grailsDispatcherServlet'
INFO org.apache.coyote.http11.Http11NioProtocol - Stopping ProtocolHandler ["http-nio-2222"]
INFO org.apache.coyote.http11.Http11NioProtocol - Destroying ProtocolHandler ["http-nio-2222"]
